<?xml version="1.0" encoding="UTF-8"?>
<!-- Generated by org.testng.reporters.JUnitReportReporter -->
<testsuite hostname="TPO-TVMA-WKS0186" name="GetRequest1" tests="1" failures="0" timestamp="10 Jun 2019 08:12:13 GMT" time="2.160" errors="0">
  <testcase name="retrieveSpecificEmployee" time="2.160" classname="GetRequest1"/>
</testsuite> <!-- GetRequest1 -->
