<?xml version="1.0" encoding="UTF-8"?>
<!-- Generated by org.testng.reporters.JUnitReportReporter -->
<testsuite skipped="0" hostname="itp-wks0289" name="com.test.SampleProject" tests="4" failures="0" timestamp="25 Jul 2019 06:08:36 GMT" time="5.941" errors="0">
  <testcase name="deleteEmployee" time="0.767" classname="com.test.SampleProject"/>
  <testcase name="createEmployee" time="2.381" classname="com.test.SampleProject"/>
  <testcase name="mailsend" time="2.021" classname="com.test.SampleProject"/>
  <testcase name="updateEmployee" time="0.772" classname="com.test.SampleProject"/>
</testsuite> <!-- com.test.SampleProject -->
